This is pdfTeX, Version 3.14159265-2.6-1.40.20 (MiKTeX 2.9.7050 64-bit) (preloaded format=pdflatex 2019.6.6)  11 JUL 2019 11:52
entering extended mode
**C:/Users/macrae/Documents/Teaching/Phys229/Phys229Notes/main.tex
(C:/Users/macrae/Documents/Teaching/Phys229/Phys229Notes/main.tex
LaTeX2e <2018-12-01>
("C:\Users\macrae\AppData\Local\Programs\MiKTeX 2.9\tex/latex/base\article.cls"
Document Class: article 2018/09/03 v1.4i Standard LaTeX document class
("C:\Users\macrae\AppData\Local\Programs\MiKTeX 2.9\tex/latex/base\size10.clo"
File: size10.clo 2018/09/03 v1.4i Standard LaTeX file (size option)
)
\c@part=\count80
\c@section=\count81
\c@subsection=\count82
\c@subsubsection=\count83
\c@paragraph=\count84
\c@subparagraph=\count85
\c@figure=\count86
\c@table=\count87
\abovecaptionskip=\skip41
\belowcaptionskip=\skip42
\bibindent=\dimen102
)
("C:\Users\macrae\AppData\Local\Programs\MiKTeX 2.9\tex/latex/amsmath\amsmath.s
ty"
Package: amsmath 2018/12/01 v2.17b AMS math features
\@mathmargin=\skip43

For additional information on amsmath, use the `?' option.

("C:\Users\macrae\AppData\Local\Programs\MiKTeX 2.9\tex/latex/amsmath\amstext.s
ty"
Package: amstext 2000/06/29 v2.01 AMS text

("C:\Users\macrae\AppData\Local\Programs\MiKTeX 2.9\tex/latex/amsmath\amsgen.st
y"
File: amsgen.sty 1999/11/30 v2.0 generic functions
\@emptytoks=\toks14
\ex@=\dimen103
))
("C:\Users\macrae\AppData\Local\Programs\MiKTeX 2.9\tex/latex/amsmath\amsbsy.st
y"
Package: amsbsy 1999/11/29 v1.2d Bold Symbols
\pmbraise@=\dimen104
)
("C:\Users\macrae\AppData\Local\Programs\MiKTeX 2.9\tex/latex/amsmath\amsopn.st
y"
Package: amsopn 2016/03/08 v2.02 operator names
)
\inf@bad=\count88
LaTeX Info: Redefining \frac on input line 223.
\uproot@=\count89
\leftroot@=\count90
LaTeX Info: Redefining \overline on input line 385.
\classnum@=\count91
\DOTSCASE@=\count92
LaTeX Info: Redefining \ldots on input line 482.
LaTeX Info: Redefining \dots on input line 485.
LaTeX Info: Redefining \cdots on input line 606.
\Mathstrutbox@=\box27
\strutbox@=\box28
\big@size=\dimen105
LaTeX Font Info:    Redeclaring font encoding OML on input line 729.
LaTeX Font Info:    Redeclaring font encoding OMS on input line 730.
\macc@depth=\count93
\c@MaxMatrixCols=\count94
\dotsspace@=\muskip10
\c@parentequation=\count95
\dspbrk@lvl=\count96
\tag@help=\toks15
\row@=\count97
\column@=\count98
\maxfields@=\count99
\andhelp@=\toks16
\eqnshift@=\dimen106
\alignsep@=\dimen107
\tagshift@=\dimen108
\tagwidth@=\dimen109
\totwidth@=\dimen110
\lineht@=\dimen111
\@envbody=\toks17
\multlinegap=\skip44
\multlinetaggap=\skip45
\mathdisplay@stack=\toks18
LaTeX Info: Redefining \[ on input line 2844.
LaTeX Info: Redefining \] on input line 2845.
)
("C:\Users\macrae\AppData\Local\Programs\MiKTeX 2.9\tex/latex/amsfonts\amssymb.
sty"
Package: amssymb 2013/01/14 v3.01 AMS font symbols

("C:\Users\macrae\AppData\Local\Programs\MiKTeX 2.9\tex/latex/amsfonts\amsfonts
.sty"
Package: amsfonts 2013/01/14 v3.01 Basic AMSFonts support
\symAMSa=\mathgroup4
\symAMSb=\mathgroup5
LaTeX Font Info:    Overwriting math alphabet `\mathfrak' in version `bold'
(Font)                  U/euf/m/n --> U/euf/b/n on input line 106.
))
("C:\Users\macrae\AppData\Local\Programs\MiKTeX 2.9\tex/latex/graphics\graphicx
.sty"
Package: graphicx 2017/06/01 v1.1a Enhanced LaTeX Graphics (DPC,SPQR)

("C:\Users\macrae\AppData\Local\Programs\MiKTeX 2.9\tex/latex/graphics\keyval.s
ty"
Package: keyval 2014/10/28 v1.15 key=value parser (DPC)
\KV@toks@=\toks19
)
("C:\Users\macrae\AppData\Local\Programs\MiKTeX 2.9\tex/latex/graphics\graphics
.sty"
Package: graphics 2017/06/25 v1.2c Standard LaTeX Graphics (DPC,SPQR)

("C:\Users\macrae\AppData\Local\Programs\MiKTeX 2.9\tex/latex/graphics\trig.sty
"
Package: trig 2016/01/03 v1.10 sin cos tan (DPC)
)
("C:\Users\macrae\AppData\Local\Programs\MiKTeX 2.9\tex/latex/graphics-cfg\grap
hics.cfg"
File: graphics.cfg 2016/06/04 v1.11 sample graphics configuration
)
Package graphics Info: Driver file: pdftex.def on input line 99.

("C:\Users\macrae\AppData\Local\Programs\MiKTeX 2.9\tex/latex/graphics-def\pdft
ex.def"
File: pdftex.def 2018/01/08 v1.0l Graphics/color driver for pdftex
))
\Gin@req@height=\dimen112
\Gin@req@width=\dimen113
) (main.aux)
\openout1 = `main.aux'.

LaTeX Font Info:    Checking defaults for OML/cmm/m/it on input line 9.
LaTeX Font Info:    ... okay on input line 9.
LaTeX Font Info:    Checking defaults for T1/cmr/m/n on input line 9.
LaTeX Font Info:    ... okay on input line 9.
LaTeX Font Info:    Checking defaults for OT1/cmr/m/n on input line 9.
LaTeX Font Info:    ... okay on input line 9.
LaTeX Font Info:    Checking defaults for OMS/cmsy/m/n on input line 9.
LaTeX Font Info:    ... okay on input line 9.
LaTeX Font Info:    Checking defaults for OMX/cmex/m/n on input line 9.
LaTeX Font Info:    ... okay on input line 9.
LaTeX Font Info:    Checking defaults for U/cmr/m/n on input line 9.
LaTeX Font Info:    ... okay on input line 9.

("C:\Users\macrae\AppData\Local\Programs\MiKTeX 2.9\tex/context/base/mkii\supp-
pdf.mkii"
[Loading MPS to PDF converter (version 2006.09.02).]
\scratchcounter=\count100
\scratchdimen=\dimen114
\scratchbox=\box29
\nofMPsegments=\count101
\nofMParguments=\count102
\everyMPshowfont=\toks20
\MPscratchCnt=\count103
\MPscratchDim=\dimen115
\MPnumerator=\count104
\makeMPintoPDFobject=\count105
\everyMPtoPDFconversion=\toks21
)
("C:\Users\macrae\AppData\Local\Programs\MiKTeX 2.9\tex/latex/oberdiek\epstopdf
-base.sty"
Package: epstopdf-base 2016/05/15 v2.6 Base part for package epstopdf

("C:\Users\macrae\AppData\Local\Programs\MiKTeX 2.9\tex/generic/oberdiek\infwar
err.sty"
Package: infwarerr 2016/05/16 v1.4 Providing info/warning/error messages (HO)
)
("C:\Users\macrae\AppData\Local\Programs\MiKTeX 2.9\tex/latex/oberdiek\grfext.s
ty"
Package: grfext 2016/05/16 v1.2 Manage graphics extensions (HO)

("C:\Users\macrae\AppData\Local\Programs\MiKTeX 2.9\tex/generic/oberdiek\kvdefi
nekeys.sty"
Package: kvdefinekeys 2016/05/16 v1.4 Define keys (HO)

("C:\Users\macrae\AppData\Local\Programs\MiKTeX 2.9\tex/generic/oberdiek\ltxcmd
s.sty"
Package: ltxcmds 2016/05/16 v1.23 LaTeX kernel commands for general use (HO)
)))
("C:\Users\macrae\AppData\Local\Programs\MiKTeX 2.9\tex/latex/oberdiek\kvoption
s.sty"
Package: kvoptions 2016/05/16 v3.12 Key value format for package options (HO)

("C:\Users\macrae\AppData\Local\Programs\MiKTeX 2.9\tex/generic/oberdiek\kvsetk
eys.sty"
Package: kvsetkeys 2016/05/16 v1.17 Key value parser (HO)

("C:\Users\macrae\AppData\Local\Programs\MiKTeX 2.9\tex/generic/oberdiek\etexcm
ds.sty"
Package: etexcmds 2016/05/16 v1.6 Avoid name clashes with e-TeX commands (HO)

("C:\Users\macrae\AppData\Local\Programs\MiKTeX 2.9\tex/generic/oberdiek\ifluat
ex.sty"
Package: ifluatex 2016/05/16 v1.4 Provides the ifluatex switch (HO)
Package ifluatex Info: LuaTeX not detected.
))))
("C:\Users\macrae\AppData\Local\Programs\MiKTeX 2.9\tex/generic/oberdiek\pdftex
cmds.sty"
Package: pdftexcmds 2018/09/10 v0.29 Utility functions of pdfTeX for LuaTeX (HO
)

("C:\Users\macrae\AppData\Local\Programs\MiKTeX 2.9\tex/generic/oberdiek\ifpdf.
sty"
Package: ifpdf 2018/09/07 v3.3 Provides the ifpdf switch
)
Package pdftexcmds Info: LuaTeX not detected.
Package pdftexcmds Info: \pdf@primitive is available.
Package pdftexcmds Info: \pdf@ifprimitive is available.
Package pdftexcmds Info: \pdfdraftmode found.
)
Package epstopdf-base Info: Redefining graphics rule for `.eps' on input line 4
38.
Package grfext Info: Graphics extension search list:
(grfext)             [.pdf,.png,.jpg,.mps,.jpeg,.jbig2,.jb2,.PDF,.PNG,.JPG,.JPE
G,.JBIG2,.JB2,.eps]
(grfext)             \AppendGraphicsExtensions on input line 456.
)
LaTeX Font Info:    Try loading font information for U+msa on input line 14.

("C:\Users\macrae\AppData\Local\Programs\MiKTeX 2.9\tex/latex/amsfonts\umsa.fd"
File: umsa.fd 2013/01/14 v3.01 AMS symbols A
)
LaTeX Font Info:    Try loading font information for U+msb on input line 14.
 ("C:\Users\macrae\AppData\Local\Programs\MiKTeX 2.9\tex/latex/amsfonts\umsb.fd
"
File: umsb.fd 2013/01/14 v3.01 AMS symbols B
)
<Images/SimpleAmplifier.pdf, id=1, 113.25677pt x 41.17891pt>
File: Images/SimpleAmplifier.pdf Graphic file (type pdf)
<use Images/SimpleAmplifier.pdf>
Package pdftex.def Info: Images/SimpleAmplifier.pdf  used on input line 42.
(pdftex.def)             Requested size: 113.25648pt x 41.1788pt.
 [1

{C:/Users/macrae/AppData/Local/MiKTeX/2.9/pdftex/config/pdftex.map} <./Images/S
impleAmplifier.pdf>]
<Images/RealAmplifier_int.pdf, id=24, 186.64037pt x 119.18077pt>
File: Images/RealAmplifier_int.pdf Graphic file (type pdf)
<use Images/RealAmplifier_int.pdf>
Package pdftex.def Info: Images/RealAmplifier_int.pdf  used on input line 56.
(pdftex.def)             Requested size: 186.63991pt x 119.18047pt.
<Images/RealAmplifier_int_out.pdf, id=25, 207.81477pt x 119.2374pt>
File: Images/RealAmplifier_int_out.pdf Graphic file (type pdf)
<use Images/RealAmplifier_int_out.pdf>
Package pdftex.def Info: Images/RealAmplifier_int_out.pdf  used on input line 6
8.
(pdftex.def)             Requested size: 207.81425pt x 119.23709pt.
 [2 <./Images/RealAmplifier_int.pdf>]
Underfull \hbox (badness 10000) in paragraph at lines 72--73

 []

<Images/amp_example.pdf, id=39, 512.66295pt x 125.31184pt>
File: Images/amp_example.pdf Graphic file (type pdf)
<use Images/amp_example.pdf>
Package pdftex.def Info: Images/amp_example.pdf  used on input line 89.
(pdftex.def)             Requested size: 345.0pt x 84.32944pt.
[3 <./Images/RealAmplifier_int_out.pdf>] [4 <./Images/amp_example.pdf>]
<Images/differential_amplifier.pdf, id=111, 201.94751pt x 65.1425pt>
File: Images/differential_amplifier.pdf Graphic file (type pdf)
<use Images/differential_amplifier.pdf>
Package pdftex.def Info: Images/differential_amplifier.pdf  used on input line 
133.
(pdftex.def)             Requested size: 201.947pt x 65.14233pt.

Underfull \hbox (badness 10000) in paragraph at lines 138--140

 []

[5 <./Images/differential_amplifier.pdf>] [6]
<Images/simple_feedback.pdf, id=128, 308.18745pt x 77.17336pt>
File: Images/simple_feedback.pdf Graphic file (type pdf)
<use Images/simple_feedback.pdf>
Package pdftex.def Info: Images/simple_feedback.pdf  used on input line 180.
(pdftex.def)             Requested size: 308.1867pt x 77.17316pt.
 [7 <./Images/simple_feedback.pdf>]
Underfull \hbox (badness 10000) in paragraph at lines 198--203

 []


Underfull \hbox (badness 10000) in paragraph at lines 198--203

 []

[8]
<Images/feedback_time_dep.png, id=144, 501.875pt x 211.79124pt>
File: Images/feedback_time_dep.png Graphic file (type png)
<use Images/feedback_time_dep.png>
Package pdftex.def Info: Images/feedback_time_dep.png  used on input line 210.
(pdftex.def)             Requested size: 276.00105pt x 116.47908pt.
 [9 <./Images/feedback_time_dep.png>]
<Images/inv_noninv_opamps.pdf, id=150, 296.90186pt x 109.42271pt>
File: Images/inv_noninv_opamps.pdf Graphic file (type pdf)
<use Images/inv_noninv_opamps.pdf>
Package pdftex.def Info: Images/inv_noninv_opamps.pdf  used on input line 245.
(pdftex.def)             Requested size: 296.90112pt x 109.42244pt.
 [10 <./Images/inv_noninv_opamps.pdf>]
[11]
<Images/differentiator_opamp.pdf, id=165, 275.06148pt x 85.46504pt>
File: Images/differentiator_opamp.pdf Graphic file (type pdf)
<use Images/differentiator_opamp.pdf>
Package pdftex.def Info: Images/differentiator_opamp.pdf  used on input line 31
7.
(pdftex.def)             Requested size: 275.06079pt x 85.46483pt.
 [12 <./Images/differentiator_opamp.pdf>]
<Images/integrator_opamp.pdf, id=177, 439.96214pt x 81.43077pt>
File: Images/integrator_opamp.pdf Graphic file (type pdf)
<use Images/integrator_opamp.pdf>
Package pdftex.def Info: Images/integrator_opamp.pdf  used on input line 347.
(pdftex.def)             Requested size: 345.0pt x 63.85742pt.
<Images/windup_error.png, id=178, 501.875pt x 211.79124pt>
File: Images/windup_error.png Graphic file (type png)
<use Images/windup_error.png>
Package pdftex.def Info: Images/windup_error.png  used on input line 369.
(pdftex.def)             Requested size: 276.00105pt x 116.47908pt.
 [13 <./Images/integrator_opamp.pdf>] [14 <./Images/windup_error.png>] (main.au
x) ) 
Here is how much of TeX's memory you used:
 2416 strings out of 492895
 34614 string characters out of 3123269
 98448 words of memory out of 3000000
 6293 multiletter control sequences out of 15000+200000
 10303 words of font info for 40 fonts, out of 3000000 for 9000
 1141 hyphenation exceptions out of 8191
 41i,11n,27p,1559b,274s stack positions out of 5000i,500n,10000p,200000b,50000s
<C:/Users/macrae/AppData/Local/Programs/MiKTeX 2.9/fonts/type1/public/amsfo
nts/cm/cmbx10.pfb><C:/Users/macrae/AppData/Local/Programs/MiKTeX 2.9/fonts/type
1/public/amsfonts/cm/cmbx12.pfb><C:/Users/macrae/AppData/Local/Programs/MiKTeX 
2.9/fonts/type1/public/amsfonts/cm/cmex10.pfb><C:/Users/macrae/AppData/Local/Pr
ograms/MiKTeX 2.9/fonts/type1/public/amsfonts/cmextra/cmex8.pfb><C:/Users/macra
e/AppData/Local/Programs/MiKTeX 2.9/fonts/type1/public/amsfonts/cm/cmmi10.pfb><
C:/Users/macrae/AppData/Local/Programs/MiKTeX 2.9/fonts/type1/public/amsfonts/c
m/cmmi7.pfb><C:/Users/macrae/AppData/Local/Programs/MiKTeX 2.9/fonts/type1/publ
ic/amsfonts/cm/cmmi8.pfb><C:/Users/macrae/AppData/Local/Programs/MiKTeX 2.9/fon
ts/type1/public/amsfonts/cm/cmr10.pfb><C:/Users/macrae/AppData/Local/Programs/M
iKTeX 2.9/fonts/type1/public/amsfonts/cm/cmr5.pfb><C:/Users/macrae/AppData/Loca
l/Programs/MiKTeX 2.9/fonts/type1/public/amsfonts/cm/cmr6.pfb><C:/Users/macrae/
AppData/Local/Programs/MiKTeX 2.9/fonts/type1/public/amsfonts/cm/cmr7.pfb><C:/U
sers/macrae/AppData/Local/Programs/MiKTeX 2.9/fonts/type1/public/amsfonts/cm/cm
r8.pfb><C:/Users/macrae/AppData/Local/Programs/MiKTeX 2.9/fonts/type1/public/am
sfonts/cm/cmsy10.pfb><C:/Users/macrae/AppData/Local/Programs/MiKTeX 2.9/fonts/t
ype1/public/amsfonts/cm/cmsy5.pfb><C:/Users/macrae/AppData/Local/Programs/MiKTe
X 2.9/fonts/type1/public/amsfonts/cm/cmsy7.pfb><C:/Users/macrae/AppData/Local/P
rograms/MiKTeX 2.9/fonts/type1/public/amsfonts/cm/cmsy8.pfb><C:/Users/macrae/Ap
pData/Local/Programs/MiKTeX 2.9/fonts/type1/public/amsfonts/cm/cmti10.pfb>
Output written on main.pdf (14 pages, 377337 bytes).
PDF statistics:
 248 PDF objects out of 1000 (max. 8388607)
 0 named destinations out of 1000 (max. 500000)
 56 words of extra memory for PDF output out of 10000 (max. 10000000)

