\BOOKMARK [0][-]{chapter*.2}{\376\377\000F\000u\000n\000d\000a\000m\000e\000n\000t\000a\000l\000\040\000Q\000u\000a\000n\000t\000i\000t\000i\000e\000s\000\040\000o\000f\000\040\000E\000l\000e\000c\000t\000r\000o\000n\000i\000c\000s}{}% 1
\BOOKMARK [1][-]{section*.3}{\376\377\000W\000h\000a\000t\000\040\000i\000s\000\040\000E\000l\000e\000c\000t\000r\000o\000n\000i\000c\000s\000?}{chapter*.2}% 2
\BOOKMARK [1][-]{section*.4}{\376\377\000F\000u\000n\000d\000a\000m\000e\000n\000t\000a\000l\000\040\000E\000l\000e\000c\000t\000r\000o\000n\000i\000c\000\040\000Q\000u\000a\000n\000t\000i\000t\000i\000e\000s\000:\000\040\000C\000h\000a\000r\000g\000e\000,\000\040\000c\000u\000r\000r\000e\000n\000t\000,\000\040\000a\000n\000d\000\040\000V\000o\000l\000t\000a\000g\000e}{chapter*.2}% 3
\BOOKMARK [1][-]{section*.8}{\376\377\000W\000i\000r\000e\000s\000,\000\040\000c\000o\000n\000d\000u\000c\000t\000o\000r\000s\000,\000\040\000a\000n\000d\000\040\000i\000n\000s\000u\000l\000a\000t\000o\000r\000s}{chapter*.2}% 4
\BOOKMARK [1][-]{section*.9}{\376\377\000R\000e\000s\000i\000s\000t\000o\000r\000s\000\040\000a\000n\000d\000\040\000R\000e\000s\000i\000s\000t\000i\000v\000i\000t\000y}{chapter*.2}% 5
\BOOKMARK [1][-]{section*.12}{\376\377\000C\000o\000n\000n\000e\000c\000t\000i\000n\000g\000\040\000r\000e\000s\000i\000s\000t\000o\000r\000s}{chapter*.2}% 6
\BOOKMARK [0][-]{chapter*.15}{\376\377\000C\000i\000r\000c\000u\000i\000t\000\040\000A\000n\000a\000l\000y\000s\000i\000s\000\040\000F\000u\000n\000d\000a\000m\000e\000n\000t\000a\000l\000s}{}% 7
\BOOKMARK [1][-]{section*.16}{\376\377\000E\000l\000e\000m\000e\000n\000t\000a\000r\000y\000\040\000C\000i\000r\000c\000u\000i\000t\000\040\000A\000n\000a\000l\000y\000s\000i\000s\000:\000\040\000A\000n\000\040\000e\000x\000a\000m\000p\000l\000e}{chapter*.15}% 8
\BOOKMARK [1][-]{section*.17}{\376\377\000M\000e\000a\000s\000u\000r\000i\000n\000g\000\040\000D\000C\000\040\000q\000u\000a\000n\000t\000i\000t\000i\000e\000s\000:\000\040\000T\000h\000e\000\040\000D\000i\000g\000i\000t\000a\000l\000\040\000M\000u\000l\000t\000i\000m\000e\000t\000e\000r}{chapter*.15}% 9
\BOOKMARK [1][-]{section*.18}{\376\377\000K\000i\000r\000c\000h\000h\000o\000f\000f\000'\000s\000\040\000R\000u\000l\000e\000s}{chapter*.15}% 10
\BOOKMARK [1][-]{section*.20}{\376\377\000T\000h\000e\000\040\000S\000u\000p\000e\000r\000p\000o\000s\000i\000t\000i\000o\000n\000\040\000P\000r\000i\000n\000c\000i\000p\000l\000e\000\040\000i\000n\000\040\000C\000i\000r\000c\000u\000i\000t\000s}{chapter*.15}% 11
\BOOKMARK [1][-]{section*.21}{\376\377\000T\000h\000e\000\040\000V\000o\000l\000t\000a\000g\000e\000\040\000D\000i\000v\000i\000d\000e\000r}{chapter*.15}% 12
\BOOKMARK [1][-]{section*.23}{\376\377\000R\000e\000a\000l\000\040\000V\000o\000l\000t\000a\000g\000e\000\040\000S\000o\000u\000r\000c\000e\000s\000:\000\040\000E\000M\000F\000\040\000a\000n\000d\000\040\000I\000n\000t\000e\000r\000n\000a\000l\000\040\000R\000e\000s\000i\000s\000t\000a\000n\000c\000e}{chapter*.15}% 13
\BOOKMARK [1][-]{section*.25}{\376\377\000P\000o\000w\000e\000r\000\040\000D\000e\000l\000i\000v\000e\000r\000e\000d\000\040\000t\000o\000\040\000L\000o\000a\000d\000:\000\040\000I\000m\000p\000e\000d\000a\000n\000c\000e\000\040\000M\000a\000t\000c\000h\000i\000n\000g}{chapter*.15}% 14
\BOOKMARK [1][-]{section*.26}{\376\377\000T\000h\000\351\000v\000e\000n\000i\000n\000'\000s\000\040\000T\000h\000e\000o\000r\000e\000m}{chapter*.15}% 15
\BOOKMARK [0][-]{chapter*.27}{\376\377\000I\000n\000t\000r\000o\000d\000u\000c\000t\000i\000o\000n\000\040\000t\000o\000\040\000A\000C\000\040\000C\000i\000r\000c\000u\000i\000t\000s}{}% 16
\BOOKMARK [1][-]{section*.28}{\376\377\000A\000C\000/\000D\000C}{chapter*.27}% 17
\BOOKMARK [1][-]{section*.29}{\376\377\000S\000i\000n\000u\000s\000o\000i\000d\000a\000l\000\040\000w\000a\000v\000e\000f\000o\000r\000m\000s}{chapter*.27}% 18
\BOOKMARK [1][-]{section*.35}{\376\377\000C\000o\000m\000p\000l\000e\000x\000\040\000N\000u\000m\000b\000e\000r\000s}{chapter*.27}% 19
\BOOKMARK [1][-]{section*.42}{\376\377\000T\000h\000e\000\040\000D\000i\000g\000i\000t\000a\000l\000\040\000O\000s\000c\000i\000l\000l\000o\000s\000c\000o\000p\000e}{chapter*.27}% 20
\BOOKMARK [1][-]{section*.43}{\376\377\000T\000i\000m\000e\000\040\000D\000o\000m\000a\000i\000n\000\040\000v\000s\000\040\000F\000r\000e\000q\000u\000e\000n\000c\000y\000\040\000D\000o\000m\000a\000i\000n\000:\000\040\000F\000o\000u\000r\000i\000e\000r\000\040\000A\000n\000a\000l\000y\000s\000i\000s}{chapter*.27}% 21
\BOOKMARK [0][-]{chapter*.44}{\376\377\000R\000e\000a\000c\000t\000i\000v\000e\000\040\000C\000i\000r\000c\000u\000i\000t\000s\000:\000\040\000C\000a\000p\000a\000c\000i\000t\000o\000r\000s\000\040\000a\000n\000d\000\040\000I\000n\000d\000u\000c\000t\000o\000r\000s}{}% 22
\BOOKMARK [1][-]{section*.45}{\376\377\000T\000h\000e\000\040\000B\000i\000g\000\040\000P\000i\000c\000t\000u\000r\000e}{chapter*.44}% 23
\BOOKMARK [1][-]{section*.46}{\376\377\000C\000a\000p\000a\000c\000i\000t\000o\000r\000s}{chapter*.44}% 24
\BOOKMARK [1][-]{section*.47}{\376\377\000C\000a\000p\000a\000c\000i\000t\000o\000r\000s\000\040\000i\000n\000\040\000a\000\040\000C\000i\000r\000c\000u\000i\000t}{chapter*.44}% 25
\BOOKMARK [1][-]{section*.50}{\376\377\000E\000n\000e\000r\000g\000y\000\040\000s\000t\000o\000r\000e\000d\000\040\000i\000n\000\040\000a\000\040\000C\000a\000p\000a\000c\000i\000t\000o\000r}{chapter*.44}% 26
\BOOKMARK [1][-]{section*.51}{\376\377\000D\000i\000s\000c\000h\000a\000r\000g\000i\000n\000g\000\040\000a\000\040\000C\000a\000p\000a\000c\000i\000t\000o\000r}{chapter*.44}% 27
\BOOKMARK [1][-]{section*.52}{\376\377\000S\000u\000p\000e\000r\000c\000a\000p\000a\000c\000i\000t\000o\000r\000s}{chapter*.44}% 28
\BOOKMARK [1][-]{section*.53}{\376\377\000C\000a\000p\000a\000c\000i\000t\000o\000r\000s\000\040\000i\000n\000\040\000A\000C\000\040\000C\000i\000r\000c\000u\000i\000t\000s}{chapter*.44}% 29
\BOOKMARK [1][-]{section*.54}{\376\377\000I\000n\000d\000u\000c\000t\000a\000n\000c\000e}{chapter*.44}% 30
\BOOKMARK [1][-]{section*.55}{\376\377\000I\000m\000p\000e\000d\000a\000n\000c\000e\000\040\000a\000n\000d\000\040\000R\000e\000a\000c\000t\000a\000n\000c\000e}{chapter*.44}% 31
\BOOKMARK [1][-]{section*.56}{\376\377\000L\000e\000a\000d\000i\000n\000g\000,\000\040\000L\000a\000g\000g\000i\000n\000g\000\040\000a\000n\000d\000\040\000T\000r\000a\000n\000s\000i\000e\000n\000t\000s}{chapter*.44}% 32
\BOOKMARK [1][-]{section*.57}{\376\377\000I\000m\000p\000e\000d\000a\000n\000c\000e\000-\000B\000a\000s\000e\000d\000\040\000V\000o\000l\000t\000a\000g\000e\000\040\000D\000i\000v\000i\000d\000e\000r\000s\000:\000\040\000F\000r\000e\000q\000u\000e\000n\000c\000y\000\040\000F\000i\000l\000t\000e\000r\000s}{chapter*.44}% 33
\BOOKMARK [1][-]{section*.60}{\376\377\000F\000r\000e\000q\000u\000e\000n\000c\000y\000\040\000R\000e\000s\000p\000o\000n\000s\000e\000\040\000a\000n\000d\000\040\000B\000o\000d\000e\000\040\000P\000l\000o\000t\000s}{chapter*.44}% 34
\BOOKMARK [0][-]{chapter*.64}{\376\377\000S\000e\000m\000i\000c\000o\000n\000d\000u\000c\000t\000o\000r\000s\000\040\000a\000n\000d\000\040\000D\000i\000o\000d\000e\000s}{}% 35
\BOOKMARK [1][-]{section*.65}{\376\377\000T\000h\000e\000\040\000I\000d\000e\000a\000l\000\040\000D\000i\000o\000d\000e}{chapter*.64}% 36
\BOOKMARK [1][-]{section*.66}{\376\377\000S\000e\000m\000i\000c\000o\000n\000d\000u\000c\000t\000o\000r\000s}{chapter*.64}% 37
\BOOKMARK [1][-]{section*.71}{\376\377\000S\000e\000m\000i\000c\000o\000n\000d\000u\000c\000t\000o\000r\000\040\000D\000i\000o\000d\000e\000s}{chapter*.64}% 38
\BOOKMARK [1][-]{section*.74}{\376\377\000T\000h\000e\000\040\000S\000h\000o\000c\000k\000l\000e\000y\000\040\000E\000q\000u\000a\000t\000i\000o\000n}{chapter*.64}% 39
\BOOKMARK [1][-]{section*.75}{\376\377\000D\000i\000o\000d\000e\000\040\000C\000i\000r\000c\000u\000i\000t\000\040\000A\000n\000a\000l\000y\000s\000i\000s}{chapter*.64}% 40
\BOOKMARK [1][-]{section*.77}{\376\377\000S\000p\000e\000c\000i\000a\000l\000i\000z\000e\000d\000\040\000D\000i\000o\000d\000e\000s}{chapter*.64}% 41
\BOOKMARK [0][-]{chapter*.81}{\376\377\000A\000m\000p\000l\000i\000f\000i\000e\000r\000s}{}% 42
\BOOKMARK [1][-]{section*.82}{\376\377\000A\000c\000t\000i\000v\000e\000\040\000v\000s\000.\000\040\000P\000a\000s\000s\000i\000v\000e\000\040\000C\000i\000r\000c\000u\000i\000t\000s}{chapter*.81}% 43
\BOOKMARK [1][-]{section*.83}{\376\377\000T\000h\000e\000\040\000I\000d\000e\000a\000l\000\040\000V\000o\000l\000t\000a\000g\000e\000\040\000A\000m\000p\000l\000i\000f\000i\000e\000r}{chapter*.81}% 44
\BOOKMARK [1][-]{section*.84}{\376\377\000R\000e\000a\000l\000i\000t\000y\000\040\000C\000h\000e\000c\000k\000:\000\040\000A\000m\000p\000l\000i\000f\000i\000e\000r\000s\000\040\000i\000n\000\040\000R\000e\000a\000l\000\040\000L\000i\000f\000e}{chapter*.81}% 45
\BOOKMARK [1][-]{section*.89}{\376\377\000D\000i\000f\000f\000e\000r\000e\000n\000t\000i\000a\000l\000\040\000A\000m\000p\000l\000i\000f\000i\000e\000r\000s}{chapter*.81}% 46
\BOOKMARK [0][-]{chapter*.92}{\376\377\000F\000e\000e\000d\000b\000a\000c\000k\000\040\000a\000n\000d\000\040\000O\000p\000\040\000A\000m\000p\000s}{}% 47
\BOOKMARK [1][-]{section*.93}{\376\377\000N\000e\000g\000a\000t\000i\000v\000e\000\040\000F\000e\000e\000d\000b\000a\000c\000k}{chapter*.92}% 48
\BOOKMARK [1][-]{section*.94}{\376\377\000O\000p\000\040\000A\000m\000p\000s\000\040\000i\000n\000\040\000N\000e\000g\000a\000t\000i\000v\000e\000\040\000F\000e\000e\000d\000b\000a\000c\000k\000:\000\040\000T\000h\000e\000\040\000G\000o\000l\000d\000e\000n\000\040\000R\000u\000l\000e\000s}{chapter*.92}% 49
\BOOKMARK [0][-]{chapter*.103}{\376\377\000D\000i\000g\000i\000t\000a\000l\000\040\000L\000o\000g\000i\000c}{}% 50
\BOOKMARK [0][-]{chapter*.104}{\376\377\000D\000a\000t\000a\000\040\000A\000q\000u\000a\000s\000i\000t\000i\000o\000n\000:\000\040\000D\000A\000C\000\040\000a\000n\000d\000\040\000A\000D\000C}{}% 51
\BOOKMARK [0][-]{chapter*.105}{\376\377\000S\000e\000n\000s\000o\000r\000s\000\040\000a\000n\000d\000\040\000T\000r\000a\000n\000s\000d\000u\000c\000e\000r\000s}{}% 52
\BOOKMARK [0][-]{chapter*.106}{\376\377\000B\000i\000b\000l\000i\000o\000g\000r\000a\000p\000h\000y}{}% 53
